[2019-12-25T18:35:45.103] [DEBUG] cheese - login => username:11,password:222
[2019-12-25T18:35:45.105] [DEBUG] cheese - 11
[2019-12-25T18:35:45.120] [DEBUG] cheese - null
[2019-12-25T18:35:45.121] [DEBUG] cheese - null
[2019-12-25T18:39:07.925] [DEBUG] cheese - login => username:zs,password:123456
[2019-12-25T18:39:07.925] [DEBUG] cheese - zs
[2019-12-25T18:39:07.929] [DEBUG] cheese - null
[2019-12-25T18:39:07.930] [DEBUG] cheese - null
[2019-12-25T18:39:48.264] [DEBUG] cheese - login => username:admin,password:123456
[2019-12-25T18:39:48.264] [DEBUG] cheese - admin
[2019-12-25T18:39:48.274] [DEBUG] cheese - null
[2019-12-25T18:39:48.274] [DEBUG] cheese - null
[2019-12-26T16:20:33.887] [DEBUG] cheese - login => username:zs3213,password:1234124124
[2019-12-26T16:20:33.888] [DEBUG] cheese - zs3213
[2019-12-26T16:20:33.896] [DEBUG] cheese - null
[2019-12-26T16:20:33.897] [DEBUG] cheese - null
[2019-12-26T16:22:25.604] [DEBUG] cheese - login => username:zs123123,password:1233123123
[2019-12-26T16:22:25.604] [DEBUG] cheese - zs123123
[2019-12-26T16:22:25.607] [DEBUG] cheese - null
[2019-12-26T16:22:25.607] [DEBUG] cheese - null
[2019-12-26T16:24:19.667] [DEBUG] cheese - login => username:zs312312,password:1233213213213
[2019-12-26T16:24:19.667] [DEBUG] cheese - zs312312
[2019-12-26T16:24:19.669] [DEBUG] cheese - null
[2019-12-26T16:24:19.669] [DEBUG] cheese - null
[2019-12-26T16:32:51.318] [DEBUG] cheese - login => username:zs213123,password:123321321
[2019-12-26T16:32:51.318] [DEBUG] cheese - zs213123
[2019-12-26T16:32:51.320] [DEBUG] cheese - null
[2019-12-26T16:32:51.320] [DEBUG] cheese - null
[2019-12-26T16:32:56.636] [DEBUG] cheese - login => username:admin,password:123456
[2019-12-26T16:32:56.636] [DEBUG] cheese - admin
[2019-12-26T16:32:56.639] [DEBUG] cheese - null
[2019-12-26T16:32:56.639] [DEBUG] cheese - null
[2019-12-26T16:39:02.861] [DEBUG] cheese - login => username:zs3213,password:1233213
[2019-12-26T16:39:02.861] [DEBUG] cheese - zs3213
[2019-12-26T16:39:02.863] [DEBUG] cheese - null
[2019-12-26T16:39:02.863] [DEBUG] cheese - null
[2019-12-26T16:44:17.710] [DEBUG] cheese - login => username:admin,password:123456
[2019-12-26T16:44:17.710] [DEBUG] cheese - admin
[2019-12-26T16:44:17.712] [DEBUG] cheese - null
[2019-12-26T16:44:17.712] [DEBUG] cheese - null
[2019-12-26T16:50:01.861] [DEBUG] cheese - login => username:admin,password:123456
[2019-12-26T16:50:01.861] [DEBUG] cheese - admin
[2019-12-26T16:50:01.863] [DEBUG] cheese - null
[2019-12-26T16:50:01.863] [DEBUG] cheese - null
[2019-12-26T16:57:04.423] [DEBUG] cheese - login => username:admin,password:12314214
[2019-12-26T16:57:04.423] [DEBUG] cheese - admin
[2019-12-26T16:57:04.426] [DEBUG] cheese - null
[2019-12-26T16:57:04.426] [DEBUG] cheese - null
[2019-12-26T16:57:07.385] [DEBUG] cheese - login => username:admin,password:123456
[2019-12-26T16:57:07.385] [DEBUG] cheese - admin
[2019-12-26T16:57:07.387] [DEBUG] cheese - null
[2019-12-26T16:57:07.387] [DEBUG] cheese - null
[2019-12-26T16:57:37.281] [DEBUG] cheese - login => username:admin,password:123456
[2019-12-26T16:57:37.281] [DEBUG] cheese - admin
[2019-12-26T16:57:37.283] [DEBUG] cheese - null
[2019-12-26T16:57:37.284] [DEBUG] cheese - null
[2019-12-26T17:34:05.554] [DEBUG] cheese - login => username:admin,password:123456
[2019-12-26T17:34:05.554] [DEBUG] cheese - admin
[2019-12-26T17:34:05.558] [DEBUG] cheese - null
[2019-12-26T17:34:05.558] [DEBUG] cheese - null
[2019-12-26T17:35:15.624] [DEBUG] cheese - login => username:admin,password:123456
[2019-12-26T17:35:15.624] [DEBUG] cheese - admin
[2019-12-26T17:35:15.627] [DEBUG] cheese - null
[2019-12-26T17:35:15.627] [DEBUG] cheese - null
[2019-12-26T18:09:37.179] [DEBUG] cheese - login => username:admin,password:123456
[2019-12-26T18:09:37.179] [DEBUG] cheese - admin
[2019-12-26T18:09:37.183] [DEBUG] cheese - null
[2019-12-26T18:09:37.183] [DEBUG] cheese - null
[2019-12-26T18:10:35.369] [DEBUG] cheese - login => username:admin,password:123456
[2019-12-26T18:10:35.369] [DEBUG] cheese - admin
[2019-12-26T18:10:35.373] [DEBUG] cheese - null
[2019-12-26T18:10:35.373] [DEBUG] cheese - null
[2019-12-27T10:37:13.449] [DEBUG] cheese - login => username:admin,password:123456
[2019-12-27T10:37:13.450] [DEBUG] cheese - admin
[2019-12-27T10:37:13.458] [DEBUG] cheese - null
[2019-12-27T10:37:13.458] [DEBUG] cheese - null
[2019-12-27T11:03:04.383] [DEBUG] cheese - login => username:admin,password:123456
[2019-12-27T11:03:04.383] [DEBUG] cheese - admin
[2019-12-27T11:03:04.385] [DEBUG] cheese - null
[2019-12-27T11:03:04.385] [DEBUG] cheese - null
[2019-12-27T11:06:33.271] [DEBUG] cheese - login => username:admin,password:123456
[2019-12-27T11:06:33.272] [DEBUG] cheese - admin
[2019-12-27T11:06:33.275] [DEBUG] cheese - null
[2019-12-27T11:06:33.275] [DEBUG] cheese - null
[2019-12-27T11:26:33.816] [DEBUG] cheese - login => username:admin,password:123456
[2019-12-27T11:26:33.816] [DEBUG] cheese - admin
[2019-12-27T11:26:33.818] [DEBUG] cheese - null
[2019-12-27T11:26:33.818] [DEBUG] cheese - null
[2019-12-27T13:04:59.192] [DEBUG] cheese - login => username:admin,password:123456
[2019-12-27T13:04:59.192] [DEBUG] cheese - admin
[2019-12-27T13:04:59.201] [DEBUG] cheese - null
[2019-12-27T13:04:59.201] [DEBUG] cheese - null
[2019-12-27T16:24:03.374] [DEBUG] cheese - login => username:admin,password:123456
[2019-12-27T16:24:03.375] [DEBUG] cheese - admin
[2019-12-27T16:24:03.381] [DEBUG] cheese - null
[2019-12-27T16:24:03.382] [DEBUG] cheese - null
[2019-12-27T16:41:10.978] [DEBUG] cheese - login => username:admin,password:123456
[2019-12-27T16:41:10.978] [DEBUG] cheese - admin
[2019-12-27T16:41:10.980] [DEBUG] cheese - null
[2019-12-27T16:41:10.980] [DEBUG] cheese - null
[2019-12-27T16:45:56.428] [DEBUG] cheese - login => username:admin,password:123456
[2019-12-27T16:45:56.428] [DEBUG] cheese - admin
[2019-12-27T16:45:56.430] [DEBUG] cheese - null
[2019-12-27T16:45:56.430] [DEBUG] cheese - null
[2019-12-27T17:49:01.536] [DEBUG] cheese - login => username:admin,password:123456
[2019-12-27T17:49:01.537] [DEBUG] cheese - admin
[2019-12-27T17:49:01.541] [DEBUG] cheese - null
[2019-12-27T17:49:01.541] [DEBUG] cheese - null
[2019-12-28T11:03:22.668] [DEBUG] cheese - login => username:admin,password:123456
[2019-12-28T11:03:22.669] [DEBUG] cheese - admin
[2019-12-28T11:03:22.673] [DEBUG] cheese - null
[2019-12-28T11:03:22.673] [DEBUG] cheese - null
[2019-12-28T11:18:02.821] [DEBUG] cheese - login => username:admin,password:123456
[2019-12-28T11:18:02.821] [DEBUG] cheese - admin
[2019-12-28T11:18:02.823] [DEBUG] cheese - null
[2019-12-28T11:18:02.823] [DEBUG] cheese - null
[2019-12-28T11:21:22.558] [DEBUG] cheese - login => username:admin,password:123456
[2019-12-28T11:21:22.558] [DEBUG] cheese - admin
[2019-12-28T11:21:22.560] [DEBUG] cheese - null
[2019-12-28T11:21:22.560] [DEBUG] cheese - null
[2019-12-29T10:19:56.903] [DEBUG] cheese - login => username:admin,password:123456
[2019-12-29T10:19:56.905] [DEBUG] cheese - admin
[2019-12-29T10:19:56.946] [DEBUG] cheese - null
[2019-12-29T10:19:56.947] [DEBUG] cheese - null
[2019-12-29T11:46:40.060] [DEBUG] cheese - login => username:admin,password:123456
[2019-12-29T11:46:40.061] [DEBUG] cheese - admin
[2019-12-29T11:46:40.067] [DEBUG] cheese - null
[2019-12-29T11:46:40.067] [DEBUG] cheese - null
[2019-12-30T10:05:19.351] [DEBUG] cheese - login => username:admin,password:123456
[2019-12-30T10:05:19.352] [DEBUG] cheese - admin
[2019-12-30T10:05:19.391] [DEBUG] cheese - null
[2019-12-30T10:05:19.391] [DEBUG] cheese - null
[2019-12-30T10:06:48.651] [DEBUG] cheese - login => username:admin,password:123456
[2019-12-30T10:06:48.651] [DEBUG] cheese - admin
[2019-12-30T10:06:48.653] [DEBUG] cheese - null
[2019-12-30T10:06:48.654] [DEBUG] cheese - null
[2019-12-30T11:57:10.919] [DEBUG] cheese - login => username:admin,password:123456
[2019-12-30T11:57:10.919] [DEBUG] cheese - admin
[2019-12-30T11:57:10.922] [DEBUG] cheese - null
[2019-12-30T11:57:10.922] [DEBUG] cheese - null
[2019-12-30T11:57:21.379] [DEBUG] cheese - login => username:admin,password:123456
[2019-12-30T11:57:21.379] [DEBUG] cheese - admin
[2019-12-30T11:57:21.382] [DEBUG] cheese - null
[2019-12-30T11:57:21.382] [DEBUG] cheese - null
[2019-12-30T14:31:27.567] [DEBUG] cheese - login => username:admin,password:123456
[2019-12-30T14:31:27.568] [DEBUG] cheese - admin
[2019-12-30T14:31:27.574] [DEBUG] cheese - null
[2019-12-30T14:31:27.574] [DEBUG] cheese - null
[2019-12-30T17:54:40.158] [DEBUG] cheese - null
[2019-12-30T17:57:09.468] [DEBUG] cheese - null
[2019-12-30T17:57:22.228] [DEBUG] cheese - null
[2019-12-30T17:58:40.565] [DEBUG] cheese - null
[2019-12-30T18:11:24.105] [DEBUG] cheese - null
[2019-12-30T18:11:26.219] [DEBUG] cheese - null
[2019-12-30T18:11:28.738] [DEBUG] cheese - null
[2019-12-31T10:17:10.147] [DEBUG] cheese - login => username:admin,password:123456
[2019-12-31T10:17:10.148] [DEBUG] cheese - admin
[2019-12-31T10:17:10.189] [DEBUG] cheese - null
[2019-12-31T10:17:10.189] [DEBUG] cheese - null
[2020-01-02T10:10:06.169] [DEBUG] cheese - login => username:admin,password:123456
[2020-01-02T10:10:06.170] [DEBUG] cheese - admin
[2020-01-02T10:10:06.205] [DEBUG] cheese - null
[2020-01-02T10:10:06.206] [DEBUG] cheese - null
[2020-01-02T10:15:35.459] [DEBUG] cheese - login => username:admin,password:123456
[2020-01-02T10:15:35.460] [DEBUG] cheese - admin
[2020-01-02T10:15:35.464] [DEBUG] cheese - null
[2020-01-02T10:15:35.465] [DEBUG] cheese - null
[2020-01-02T10:16:03.373] [DEBUG] cheese - login => username:admin,password:123456
[2020-01-02T10:16:03.373] [DEBUG] cheese - admin
[2020-01-02T10:16:03.376] [DEBUG] cheese - null
[2020-01-02T10:16:03.376] [DEBUG] cheese - null
[2020-08-26T16:40:05.442] [DEBUG] cheese - login => username:admin,password:123456
[2020-08-26T16:40:05.443] [DEBUG] cheese - admin
[2020-08-26T16:40:05.485] [DEBUG] cheese - null
[2020-08-26T16:40:05.486] [DEBUG] cheese - null
[2020-08-26T16:40:28.063] [DEBUG] cheese - login => username:admin,password:123456
[2020-08-26T16:40:28.063] [DEBUG] cheese - admin
[2020-08-26T16:40:28.065] [DEBUG] cheese - null
[2020-08-26T16:40:28.065] [DEBUG] cheese - null
[2020-08-26T16:56:39.746] [DEBUG] cheese - login => username:admin,password:123456
[2020-08-26T16:56:39.746] [DEBUG] cheese - admin
[2020-08-26T16:56:39.748] [DEBUG] cheese - null
[2020-08-26T16:56:39.749] [DEBUG] cheese - null
